# JRE version: Java(TM) SE Runtime Environment (23.0.2+7) (build 23.0.2+7-58)
# Java VM: Java HotSpot(TM) 64-Bit Server VM (23.0.2+7-58, mixed mode, sharing, tiered, compressed oops, compressed class ptrs, g1 gc, windows-amd64)
GC Precious Log:
 CardTable entry size: 512
 Card Set container configuration: InlinePtr #cards 4 size 8 Array Of Cards #cards 16 size 48 Howl #buckets 8 coarsen threshold 3686 Howl Bitmap #cards 512 size 80 coarsen threshold 460 Card regions per heap region 1 cards per card region 4096
 CPUs: 12 total, 12 available
 Memory: 16235M
 Large Page Support: Disabled
 NUMA Support: Disabled
 Compressed Oops: Enabled (Zero based)
 Heap Region Size: 2M
 Heap Min Capacity: 8M
 Heap Initial Capacity: 254M
 Heap Max Capacity: 4060M
 Pre-touch: Disabled
 Parallel Workers: 10
 Concurrent Workers: 3
 Concurrent Refinement Workers: 10
 Periodic GC: Disabled
Heap:
 garbage-first heap   total reserved 4157440K, committed 110592K, used 66282K [0x0000000702400000, 0x0000000800000000)
  region size 2048K, 5 young (10240K), 2 survivors (4096K)
 Metaspace       used 111649K, committed 112768K, reserved 1179648K
  class space    used 14666K, committed 15168K, reserved 1048576K
GC Heap History (20 events):
Event: 28.852 GC heap before
{Heap before GC invocations=43 (full 0):
 garbage-first heap   total reserved 4157440K, committed 86016K, used 72826K [0x0000000702400000, 0x0000000800000000)
  region size 2048K, 13 young (26624K), 2 survivors (4096K)
 Metaspace       used 92493K, committed 93312K, reserved 1179648K
  class space    used 12413K, committed 12800K, reserved 1048576K
}
Event: 28.859 GC heap after
{Heap after GC invocations=44 (full 0):
 garbage-first heap   total reserved 4157440K, committed 86016K, used 55984K [0x0000000702400000, 0x0000000800000000)
  region size 2048K, 2 young (4096K), 2 survivors (4096K)
 Metaspace       used 92493K, committed 93312K, reserved 1179648K
  class space    used 12413K, committed 12800K, reserved 1048576K
}
Event: 30.073 GC heap before
{Heap before GC invocations=45 (full 0):
 garbage-first heap   total reserved 4157440K, committed 96256K, used 72368K [0x0000000702400000, 0x0000000800000000)
  region size 2048K, 11 young (22528K), 2 survivors (4096K)
 Metaspace       used 95297K, committed 96192K, reserved 1179648K
  class space    used 12805K, committed 13248K, reserved 1048576K
}
Event: 30.077 GC heap after
{Heap after GC invocations=46 (full 0):
 garbage-first heap   total reserved 4157440K, committed 96256K, used 57846K [0x0000000702400000, 0x0000000800000000)
  region size 2048K, 2 young (4096K), 2 survivors (4096K)
 Metaspace       used 95297K, committed 96192K, reserved 1179648K
  class space    used 12805K, committed 13248K, reserved 1048576K
}
Event: 156.021 GC heap before
{Heap before GC invocations=46 (full 0):
 garbage-first heap   total reserved 4157440K, committed 96256K, used 82422K [0x0000000702400000, 0x0000000800000000)
  region size 2048K, 14 young (28672K), 2 survivors (4096K)
 Metaspace       used 96061K, committed 96960K, reserved 1179648K
  class space    used 12905K, committed 13312K, reserved 1048576K
}
Event: 156.025 GC heap after
{Heap after GC invocations=47 (full 0):
 garbage-first heap   total reserved 4157440K, committed 96256K, used 57955K [0x0000000702400000, 0x0000000800000000)
  region size 2048K, 1 young (2048K), 1 survivors (2048K)
 Metaspace       used 96061K, committed 96960K, reserved 1179648K
  class space    used 12905K, committed 13312K, reserved 1048576K
}
Event: 291.260 GC heap before
{Heap before GC invocations=47 (full 0):
 garbage-first heap   total reserved 4157440K, committed 96256K, used 86627K [0x0000000702400000, 0x0000000800000000)
  region size 2048K, 15 young (30720K), 1 survivors (2048K)
 Metaspace       used 97822K, committed 98752K, reserved 1179648K
  class space    used 13137K, committed 13568K, reserved 1048576K
}
Event: 291.264 GC heap after
{Heap after GC invocations=48 (full 0):
 garbage-first heap   total reserved 4157440K, committed 96256K, used 58327K [0x0000000702400000, 0x0000000800000000)
  region size 2048K, 1 young (2048K), 1 survivors (2048K)
 Metaspace       used 97822K, committed 98752K, reserved 1179648K
  class space    used 13137K, committed 13568K, reserved 1048576K
}
Event: 304.290 GC heap before
{Heap before GC invocations=49 (full 0):
 garbage-first heap   total reserved 4157440K, committed 100352K, used 84951K [0x0000000702400000, 0x0000000800000000)
  region size 2048K, 15 young (30720K), 1 survivors (2048K)
 Metaspace       used 103570K, committed 104512K, reserved 1179648K
  class space    used 13945K, committed 14336K, reserved 1048576K
}
Event: 304.293 GC heap after
{Heap after GC invocations=50 (full 0):
 garbage-first heap   total reserved 4157440K, committed 100352K, used 59842K [0x0000000702400000, 0x0000000800000000)
  region size 2048K, 2 young (4096K), 2 survivors (4096K)
 Metaspace       used 103570K, committed 104512K, reserved 1179648K
  class space    used 13945K, committed 14336K, reserved 1048576K
}
Event: 369.663 GC heap before
{Heap before GC invocations=50 (full 0):
 garbage-first heap   total reserved 4157440K, committed 100352K, used 86466K [0x0000000702400000, 0x0000000800000000)
  region size 2048K, 16 young (32768K), 2 survivors (4096K)
 Metaspace       used 108258K, committed 109312K, reserved 1179648K
  class space    used 14587K, committed 15040K, reserved 1048576K
}
Event: 369.671 GC heap after
{Heap after GC invocations=51 (full 0):
 garbage-first heap   total reserved 4157440K, committed 102400K, used 60090K [0x0000000702400000, 0x0000000800000000)
  region size 2048K, 2 young (4096K), 2 survivors (4096K)
 Metaspace       used 108258K, committed 109312K, reserved 1179648K
  class space    used 14587K, committed 15040K, reserved 1048576K
}
Event: 550.218 GC heap before
{Heap before GC invocations=51 (full 0):
 garbage-first heap   total reserved 4157440K, committed 102400K, used 90810K [0x0000000702400000, 0x0000000800000000)
  region size 2048K, 17 young (34816K), 2 survivors (4096K)
 Metaspace       used 108490K, committed 109504K, reserved 1179648K
  class space    used 14591K, committed 15040K, reserved 1048576K
}
Event: 550.229 GC heap after
{Heap after GC invocations=52 (full 0):
 garbage-first heap   total reserved 4157440K, committed 102400K, used 61050K [0x0000000702400000, 0x0000000800000000)
  region size 2048K, 2 young (4096K), 2 survivors (4096K)
 Metaspace       used 108490K, committed 109504K, reserved 1179648K
  class space    used 14591K, committed 15040K, reserved 1048576K
}
Event: 637.853 GC heap before
{Heap before GC invocations=53 (full 0):
 garbage-first heap   total reserved 4157440K, committed 106496K, used 87674K [0x0000000702400000, 0x0000000800000000)
  region size 2048K, 15 young (30720K), 2 survivors (4096K)
 Metaspace       used 109697K, committed 110784K, reserved 1179648K
  class space    used 14608K, committed 15104K, reserved 1048576K
}
Event: 637.858 GC heap after
{Heap after GC invocations=54 (full 0):
 garbage-first heap   total reserved 4157440K, committed 106496K, used 61746K [0x0000000702400000, 0x0000000800000000)
  region size 2048K, 1 young (2048K), 1 survivors (2048K)
 Metaspace       used 109697K, committed 110784K, reserved 1179648K
  class space    used 14608K, committed 15104K, reserved 1048576K
}
Event: 750.515 GC heap before
{Heap before GC invocations=54 (full 0):
 garbage-first heap   total reserved 4157440K, committed 106496K, used 94514K [0x0000000702400000, 0x0000000800000000)
  region size 2048K, 17 young (34816K), 1 survivors (2048K)
 Metaspace       used 110654K, committed 111808K, reserved 1179648K
  class space    used 14666K, committed 15168K, reserved 1048576K
}
Event: 750.571 GC heap after
{Heap after GC invocations=55 (full 0):
 garbage-first heap   total reserved 4157440K, committed 106496K, used 61076K [0x0000000702400000, 0x0000000800000000)
  region size 2048K, 1 young (2048K), 1 survivors (2048K)
 Metaspace       used 110654K, committed 111808K, reserved 1179648K
  class space    used 14666K, committed 15168K, reserved 1048576K
}
Event: 807.184 GC heap before
{Heap before GC invocations=55 (full 0):
 garbage-first heap   total reserved 4157440K, committed 106496K, used 93844K [0x0000000702400000, 0x0000000800000000)
  region size 2048K, 17 young (34816K), 1 survivors (2048K)
 Metaspace       used 111564K, committed 112704K, reserved 1179648K
  class space    used 14666K, committed 15168K, reserved 1048576K
}
Event: 807.213 GC heap after
{Heap after GC invocations=56 (full 0):
 garbage-first heap   total reserved 4157440K, committed 106496K, used 62186K [0x0000000702400000, 0x0000000800000000)
  region size 2048K, 2 young (4096K), 2 survivors (4096K)
 Metaspace       used 111564K, committed 112704K, reserved 1179648K
  class space    used 14666K, committed 15168K, reserved 1048576K
}

