# JRE version: Java(TM) SE Runtime Environment (23.0.2+7) (build 23.0.2+7-58)
# Java VM: Java HotSpot(TM) 64-Bit Server VM (23.0.2+7-58, mixed mode, sharing, tiered, compressed oops, compressed class ptrs, g1 gc, windows-amd64)
GC Precious Log:
 CardTable entry size: 512
 Card Set container configuration: InlinePtr #cards 4 size 8 Array Of Cards #cards 16 size 48 Howl #buckets 8 coarsen threshold 3686 Howl Bitmap #cards 512 size 80 coarsen threshold 460 Card regions per heap region 1 cards per card region 4096
 CPUs: 12 total, 12 available
 Memory: 16235M
 Large Page Support: Disabled
 NUMA Support: Disabled
 Compressed Oops: Enabled (Zero based)
 Heap Region Size: 2M
 Heap Min Capacity: 8M
 Heap Initial Capacity: 254M
 Heap Max Capacity: 4060M
 Pre-touch: Disabled
 Parallel Workers: 10
 Concurrent Workers: 3
 Concurrent Refinement Workers: 10
 Periodic GC: Disabled
Heap:
 garbage-first heap   total reserved 4157440K, committed 137216K, used 80398K [0x0000000702400000, 0x0000000800000000)
  region size 2048K, 23 young (47104K), 3 survivors (6144K)
 Metaspace       used 58850K, committed 60032K, reserved 1114112K
  class space    used 7378K, committed 7872K, reserved 1048576K
GC Heap History (20 events):
Event: 6.821 GC heap before
{Heap before GC invocations=17 (full 0):
 garbage-first heap   total reserved 4157440K, committed 63488K, used 53199K [0x0000000702400000, 0x0000000800000000)
  region size 2048K, 10 young (20480K), 2 survivors (4096K)
 Metaspace       used 48889K, committed 49600K, reserved 1114112K
  class space    used 6464K, committed 6784K, reserved 1048576K
}
Event: 6.825 GC heap after
{Heap after GC invocations=18 (full 0):
 garbage-first heap   total reserved 4157440K, committed 63488K, used 37767K [0x0000000702400000, 0x0000000800000000)
  region size 2048K, 2 young (4096K), 2 survivors (4096K)
 Metaspace       used 48889K, committed 49600K, reserved 1114112K
  class space    used 6464K, committed 6784K, reserved 1048576K
}
Event: 13.792 GC heap before
{Heap before GC invocations=18 (full 0):
 garbage-first heap   total reserved 4157440K, committed 63488K, used 50055K [0x0000000702400000, 0x0000000800000000)
  region size 2048K, 9 young (18432K), 2 survivors (4096K)
 Metaspace       used 51949K, committed 52672K, reserved 1114112K
  class space    used 6903K, committed 7232K, reserved 1048576K
}
Event: 13.795 GC heap after
{Heap after GC invocations=19 (full 0):
 garbage-first heap   total reserved 4157440K, committed 161792K, used 39426K [0x0000000702400000, 0x0000000800000000)
  region size 2048K, 1 young (2048K), 1 survivors (2048K)
 Metaspace       used 51949K, committed 52672K, reserved 1114112K
  class space    used 6903K, committed 7232K, reserved 1048576K
}
Event: 641.804 GC heap before
{Heap before GC invocations=20 (full 0):
 garbage-first heap   total reserved 4157440K, committed 137216K, used 117250K [0x0000000702400000, 0x0000000800000000)
  region size 2048K, 40 young (81920K), 1 survivors (2048K)
 Metaspace       used 58205K, committed 59072K, reserved 1114112K
  class space    used 7465K, committed 7872K, reserved 1048576K
}
Event: 641.839 GC heap after
{Heap after GC invocations=21 (full 0):
 garbage-first heap   total reserved 4157440K, committed 137216K, used 42491K [0x0000000702400000, 0x0000000800000000)
  region size 2048K, 3 young (6144K), 3 survivors (6144K)
 Metaspace       used 58205K, committed 59072K, reserved 1114112K
  class space    used 7465K, committed 7872K, reserved 1048576K
}
Event: 1320.058 GC heap before
{Heap before GC invocations=21 (full 0):
 garbage-first heap   total reserved 4157440K, committed 137216K, used 101883K [0x0000000702400000, 0x0000000800000000)
  region size 2048K, 32 young (65536K), 3 survivors (6144K)
 Metaspace       used 58652K, committed 59520K, reserved 1114112K
  class space    used 7466K, committed 7872K, reserved 1048576K
}
Event: 1320.107 GC heap after
{Heap after GC invocations=22 (full 0):
 garbage-first heap   total reserved 4157440K, committed 137216K, used 41640K [0x0000000702400000, 0x0000000800000000)
  region size 2048K, 3 young (6144K), 3 survivors (6144K)
 Metaspace       used 58652K, committed 59520K, reserved 1114112K
  class space    used 7466K, committed 7872K, reserved 1048576K
}
Event: 2145.623 GC heap before
{Heap before GC invocations=22 (full 0):
 garbage-first heap   total reserved 4157440K, committed 137216K, used 105128K [0x0000000702400000, 0x0000000800000000)
  region size 2048K, 34 young (69632K), 3 survivors (6144K)
 Metaspace       used 58889K, committed 59712K, reserved 1114112K
  class space    used 7467K, committed 7872K, reserved 1048576K
}
Event: 2145.643 GC heap after
{Heap after GC invocations=23 (full 0):
 garbage-first heap   total reserved 4157440K, committed 137216K, used 42166K [0x0000000702400000, 0x0000000800000000)
  region size 2048K, 3 young (6144K), 3 survivors (6144K)
 Metaspace       used 58889K, committed 59712K, reserved 1114112K
  class space    used 7467K, committed 7872K, reserved 1048576K
}
Event: 3117.110 GC heap before
{Heap before GC invocations=23 (full 0):
 garbage-first heap   total reserved 4157440K, committed 137216K, used 107702K [0x0000000702400000, 0x0000000800000000)
  region size 2048K, 36 young (73728K), 3 survivors (6144K)
 Metaspace       used 58963K, committed 59840K, reserved 1114112K
  class space    used 7467K, committed 7872K, reserved 1048576K
}
Event: 3117.194 GC heap after
{Heap after GC invocations=24 (full 0):
 garbage-first heap   total reserved 4157440K, committed 137216K, used 42104K [0x0000000702400000, 0x0000000800000000)
  region size 2048K, 3 young (6144K), 3 survivors (6144K)
 Metaspace       used 58963K, committed 59840K, reserved 1114112K
  class space    used 7467K, committed 7872K, reserved 1048576K
}
Event: 4046.519 GC heap before
{Heap before GC invocations=25 (full 0):
 garbage-first heap   total reserved 4157440K, committed 137216K, used 113784K [0x0000000702400000, 0x0000000800000000)
  region size 2048K, 38 young (77824K), 3 survivors (6144K)
 Metaspace       used 59038K, committed 59904K, reserved 1114112K
  class space    used 7468K, committed 7872K, reserved 1048576K
}
Event: 4046.551 GC heap after
{Heap after GC invocations=26 (full 0):
 garbage-first heap   total reserved 4157440K, committed 137216K, used 42019K [0x0000000702400000, 0x0000000800000000)
  region size 2048K, 3 young (6144K), 3 survivors (6144K)
 Metaspace       used 59038K, committed 59904K, reserved 1114112K
  class space    used 7468K, committed 7872K, reserved 1048576K
}
Event: 5006.139 GC heap before
{Heap before GC invocations=26 (full 0):
 garbage-first heap   total reserved 4157440K, committed 137216K, used 115747K [0x0000000702400000, 0x0000000800000000)
  region size 2048K, 39 young (79872K), 3 survivors (6144K)
 Metaspace       used 59072K, committed 59968K, reserved 1114112K
  class space    used 7468K, committed 7872K, reserved 1048576K
}
Event: 5006.175 GC heap after
{Heap after GC invocations=27 (full 0):
 garbage-first heap   total reserved 4157440K, committed 137216K, used 41898K [0x0000000702400000, 0x0000000800000000)
  region size 2048K, 3 young (6144K), 3 survivors (6144K)
 Metaspace       used 59072K, committed 59968K, reserved 1114112K
  class space    used 7468K, committed 7872K, reserved 1048576K
}
Event: 6057.144 GC heap before
{Heap before GC invocations=27 (full 0):
 garbage-first heap   total reserved 4157440K, committed 137216K, used 117674K [0x0000000702400000, 0x0000000800000000)
  region size 2048K, 40 young (81920K), 3 survivors (6144K)
 Metaspace       used 59088K, committed 59968K, reserved 1114112K
  class space    used 7470K, committed 7872K, reserved 1048576K
}
Event: 6057.192 GC heap after
{Heap after GC invocations=28 (full 0):
 garbage-first heap   total reserved 4157440K, committed 137216K, used 41799K [0x0000000702400000, 0x0000000800000000)
  region size 2048K, 3 young (6144K), 3 survivors (6144K)
 Metaspace       used 59088K, committed 59968K, reserved 1114112K
  class space    used 7470K, committed 7872K, reserved 1048576K
}
Event: 7019.327 GC heap before
{Heap before GC invocations=29 (full 0):
 garbage-first heap   total reserved 4157440K, committed 137216K, used 117575K [0x0000000702400000, 0x0000000800000000)
  region size 2048K, 40 young (81920K), 3 survivors (6144K)
 Metaspace       used 58848K, committed 60032K, reserved 1114112K
  class space    used 7378K, committed 7872K, reserved 1048576K
}
Event: 7019.367 GC heap after
{Heap after GC invocations=30 (full 0):
 garbage-first heap   total reserved 4157440K, committed 137216K, used 41486K [0x0000000702400000, 0x0000000800000000)
  region size 2048K, 3 young (6144K), 3 survivors (6144K)
 Metaspace       used 58848K, committed 60032K, reserved 1114112K
  class space    used 7378K, committed 7872K, reserved 1048576K
}

